<?xml version="1.0" encoding="UTF-8"?>
<testsuite xmlns:xsi="http://www.w3.org/2001/XMLSchema-instance" xsi:noNamespaceSchemaLocation="https://maven.apache.org/surefire/maven-surefire-plugin/xsd/surefire-test-report.xsd" name="com.soft.cognizant.task.TaskTracker.DAOTest.ProjectDaoServiceTest" time="0.778" tests="4" errors="0" skipped="0" failures="0">
  <properties>
[...]
</properties>
  <testcase name="whendeleteProject" classname="com.soft.cognizant.task.TaskTracker.DAOTest.ProjectDaoServiceTest" time="0.07"/>
  <testcase name="whengetProjectByPName" classname="com.soft.cognizant.task.TaskTracker.DAOTest.ProjectDaoServiceTest" time="0.054"/>
  <testcase name="whenUpdateProject" classname="com.soft.cognizant.task.TaskTracker.DAOTest.ProjectDaoServiceTest" time="0.369"/>
  <testcase name="whenValidName_thenProjectShouldBeFound" classname="com.soft.cognizant.task.TaskTracker.DAOTest.ProjectDaoServiceTest" time="0.029"/>
</testsuite>